{"level":"info","message":"GET /map-mbtiles.html 200 1153 - 7.290 ms"}
{"level":"info","message":"GET /maplibre-gl.css 200 67960 - 1.885 ms"}
{"level":"info","message":"GET /maplibre-gl.js 200 1335670 - 1.985 ms"}
{"level":"info","message":"GET /style-mbtiles.json 200 807 - 0.633 ms"}
{"level":"info","message":"GET /favicon.ico 404 150 - 1.928 ms"}
{"level":"info","message":"GET /VT/zxy/0-0-0/1/1/1.pbf 200 3577 - 11.046 ms"}
{"level":"info","message":"GET /VT/zxy/0-0-0/1/1/0.pbf 200 7302 - 6.965 ms"}
{"level":"info","message":"GET /VT/zxy/0-0-0/1/0/0.pbf 200 6200 - 6.966 ms"}
{"level":"info","message":"GET /VT/zxy/0-0-0/1/0/1.pbf 200 2765 - 13.670 ms"}
{"level":"info","message":"GET /VT/zxy/0-0-0/0/0/0.pbf 200 13754 - 2.409 ms"}
{"level":"info","message":"GET /maplibre-gl.css 304 - - 0.381 ms"}
{"level":"info","message":"GET /maplibre-gl.js.map 200 4655768 - 0.796 ms"}
{"level":"info","message":"GET /map-mbtiles.html 200 1153 - 1.073 ms"}
{"level":"info","message":"GET /maplibre-gl.css 200 67960 - 1.576 ms"}
{"level":"info","message":"GET /maplibre-gl.js 200 1335670 - 1.232 ms"}
{"level":"info","message":"GET /maplibre-gl.js.map 200 4655768 - 1.046 ms"}
{"level":"info","message":"GET /style-mbtiles.json 200 807 - 1.084 ms"}
{"level":"info","message":"GET /VT/zxy/0-0-0/0/0/0.pbf 200 13754 - 1.047 ms"}
{"level":"info","message":"GET /VT/zxy/0-0-0/0/0/0.pbf 200 13754 - 1.656 ms"}
{"level":"info","message":"GET /VT/zxy/0-0-0/0/0/0.pbf 200 13754 - 1.465 ms"}
{"level":"info","message":"GET /VT/zxy/0-0-0/1/0/0.pbf 200 6200 - 3.518 ms"}
{"level":"info","message":"GET /VT/zxy/0-0-0/1/0/0.pbf 200 6200 - 4.105 ms"}
{"level":"info","message":"GET /VT/zxy/0-0-0/1/0/1.pbf 200 2765 - 3.893 ms"}
{"level":"info","message":"GET /VT/zxy/0-0-0/1/0/1.pbf 200 2765 - 3.314 ms"}
{"level":"info","message":"GET /VT/zxy/0-0-0/1/1/1.pbf 200 3577 - 3.706 ms"}
{"level":"info","message":"GET /VT/zxy/0-0-0/1/1/1.pbf 200 3577 - 4.473 ms"}
{"level":"info","message":"GET /VT/zxy/0-0-0/1/1/0.pbf 200 7302 - 3.489 ms"}
{"level":"info","message":"GET /VT/zxy/0-0-0/1/1/0.pbf 200 7302 - 1.924 ms"}
{"level":"info","message":"GET /map-mbtiles.html 304 - - 5.658 ms"}
{"level":"info","message":"GET /maplibre-gl.css 304 - - 0.641 ms"}
{"level":"info","message":"GET /maplibre-gl.js 304 - - 0.360 ms"}
{"level":"info","message":"GET /style-mbtiles.json 304 - - 0.357 ms"}
{"level":"info","message":"GET /VT/zxy/0-0-0/1/1/0.pbf 200 7293 - 5.006 ms"}
{"level":"info","message":"GET /VT/zxy/0-0-0/1/0/1.pbf 200 2757 - 11.235 ms"}
{"level":"info","message":"GET /VT/zxy/0-0-0/1/0/0.pbf 200 6192 - 12.077 ms"}
{"level":"info","message":"GET /VT/zxy/0-0-0/1/1/1.pbf 200 3571 - 7.465 ms"}
{"level":"info","message":"GET /VT/zxy/0-0-0/2/2/1.pbf 200 4477 - 3.643 ms"}
{"level":"info","message":"GET /VT/zxy/0-0-0/2/2/2.pbf 200 1507 - 5.394 ms"}
{"level":"info","message":"GET /VT/zxy/0-0-0/2/3/1.pbf 200 3976 - 6.926 ms"}
{"level":"info","message":"GET /VT/zxy/0-0-0/2/3/2.pbf 200 2433 - 9.292 ms"}
{"level":"info","message":"GET /VT/zxy/0-0-0/2/1/1.pbf 200 3670 - 8.128 ms"}
{"level":"info","message":"GET /VT/zxy/0-0-0/2/1/2.pbf 200 1960 - 4.121 ms"}
{"level":"info","message":"GET /VT/zxy/0-0-0/3/6/3.pbf 200 3328 - 4.647 ms"}
{"level":"info","message":"GET /VT/zxy/0-0-0/3/5/3.pbf 200 1859 - 5.661 ms"}
{"level":"info","message":"GET /VT/zxy/0-0-0/3/6/4.pbf 200 1294 - 6.862 ms"}
{"level":"info","message":"GET /VT/zxy/0-0-0/3/5/4.pbf 200 273 - 7.677 ms"}
{"level":"info","message":"GET /VT/zxy/0-0-0/3/7/3.pbf 200 323 - 11.555 ms"}
{"level":"info","message":"GET /VT/zxy/0-0-0/3/6/2.pbf 200 1071 - 13.442 ms"}
{"level":"info","message":"GET /VT/zxy/0-0-0/3/5/2.pbf 200 1070 - 8.979 ms"}
{"level":"info","message":"GET /VT/zxy/0-0-0/3/7/4.pbf 200 1555 - 5.547 ms"}
{"level":"info","message":"GET /VT/zxy/0-0-0/3/7/2.pbf 200 667 - 5.758 ms"}
{"level":"info","message":"GET /VT/zxy/0-0-0/3/4/3.pbf 200 2179 - 1.461 ms"}
{"level":"info","message":"GET /VT/zxy/0-0-0/3/4/2.pbf 200 1826 - 2.874 ms"}
{"level":"info","message":"GET /VT/zxy/0-0-0/3/4/4.pbf 200 1407 - 3.160 ms"}
{"level":"info","message":"GET /VT/zxy/0-0-0/2/3/0.pbf 200 1253 - 2.913 ms"}
{"level":"info","message":"GET /VT/zxy/0-0-0/2/2/0.pbf 200 1340 - 3.517 ms"}
{"level":"info","message":"GET /VT/zxy/0-0-0/2/0/1.pbf 200 2529 - 4.674 ms"}
{"level":"info","message":"GET /VT/zxy/0-0-0/2/0/2.pbf 200 289 - 2.118 ms"}
{"level":"info","message":"GET /VT/zxy/0-0-0/2/0/0.pbf 200 2257 - 1.968 ms"}
{"level":"info","message":"GET /VT/zxy/0-0-0/2/1/0.pbf 200 1339 - 1.196 ms"}
{"level":"info","message":"GET /VT/zxy/0-0-0/0/0/0.pbf 200 13744 - 1.627 ms"}
{"level":"info","message":"GET /map-mbtiles.html 404 155 - 4.192 ms"}
{"level":"info","message":"GET /map-mbtiles.html 404 155 - 1.745 ms"}
{"level":"info","message":"GET /produce-gsc-small/map-mbtiles.html 404 173 - 0.996 ms"}
{"level":"info","message":"GET /map-mbtiles.html 404 155 - 0.922 ms"}
{"level":"info","message":"GET /produce-gsc-small/htdocs/map-mbtiles.html 404 180 - 1.385 ms"}
{"level":"info","message":"GET /map-mbtiles.html 404 155 - 0.651 ms"}
{"level":"info","message":"GET /map-mbtiles.html 404 155 - 0.376 ms"}
{"level":"info","message":"GET /map-mbtiles.html 404 155 - 0.742 ms"}
{"level":"info","message":"GET /map-mbtiles.html 404 155 - 1.060 ms"}
{"level":"info","message":"GET /VT/zxy/0-0-0/1/1/1.pbf 200 3571 - 13.800 ms"}
{"level":"info","message":"GET / 404 139 - 1.642 ms"}
{"level":"info","message":"GET /map-mbtiles.html 404 155 - 0.898 ms"}
{"level":"info","message":"GET /map-mbtiles.html 404 155 - 0.617 ms"}
{"level":"info","message":"GET /map-mbtiles.html 404 155 - 4.716 ms"}
{"level":"info","message":"GET /map-mbtiles.html 200 1153 - 5.342 ms"}
{"level":"info","message":"GET /maplibre-gl.css 304 - - 1.062 ms"}
{"level":"info","message":"GET /maplibre-gl.js 304 - - 0.278 ms"}
{"level":"info","message":"GET /style-mbtiles.json 304 - - 0.569 ms"}
{"level":"info","message":"GET /VT/zxy/0-0-0/1/1/1.pbf 304 - - 4.188 ms"}
{"level":"info","message":"GET /VT/zxy/0-0-0/1/0/0.pbf 200 6192 - 2.391 ms"}
{"level":"info","message":"GET /VT/zxy/0-0-0/1/0/1.pbf 200 2757 - 4.756 ms"}
{"level":"info","message":"GET /VT/zxy/0-0-0/1/1/0.pbf 200 7293 - 3.181 ms"}
{"level":"info","message":"GET /map-mbtiles.html 304 - - 6.190 ms"}
{"level":"info","message":"GET /maplibre-gl.css 200 67960 - 4.267 ms"}
{"level":"info","message":"GET /maplibre-gl.js 200 1335670 - 3.050 ms"}
{"level":"info","message":"GET /style-mbtiles.json 304 - - 0.518 ms"}
{"level":"info","message":"GET /VT/zxy/0-0-0/1/0/0.pbf 304 - - 11.476 ms"}
{"level":"info","message":"GET /VT/zxy/0-0-0/1/0/1.pbf 304 - - 6.924 ms"}
{"level":"info","message":"GET /VT/zxy/0-0-0/1/1/0.pbf 304 - - 13.152 ms"}
{"level":"info","message":"GET /VT/zxy/0-0-0/1/1/1.pbf 304 - - 8.317 ms"}
{"level":"info","message":"GET /VT/zxy/0-0-0/2/1/2.pbf 200 1960 - 4.411 ms"}
{"level":"info","message":"GET /VT/zxy/0-0-0/2/1/1.pbf 200 3670 - 5.812 ms"}
{"level":"info","message":"GET /VT/zxy/0-0-0/2/3/2.pbf 200 2433 - 6.638 ms"}
{"level":"info","message":"GET /VT/zxy/0-0-0/2/2/1.pbf 200 4477 - 5.046 ms"}
{"level":"info","message":"GET /VT/zxy/0-0-0/2/2/2.pbf 200 1507 - 4.732 ms"}
{"level":"info","message":"GET /VT/zxy/0-0-0/2/3/1.pbf 200 3976 - 4.067 ms"}
{"level":"info","message":"GET /map-mbtiles.html 304 - - 7.999 ms"}
{"level":"info","message":"GET /maplibre-gl.css 304 - - 1.467 ms"}
{"level":"info","message":"GET /maplibre-gl.js 304 - - 2.239 ms"}
{"level":"info","message":"GET /style-mbtiles.json 200 835 - 2.984 ms"}
{"level":"info","message":"GET /VT/zxy/0-0-0naturalEarth/1/1/0.pbf 200 7293 - 7.738 ms"}
{"level":"info","message":"GET /VT/zxy/0-0-0naturalEarth/1/1/1.pbf 200 3571 - 15.893 ms"}
{"level":"info","message":"GET /VT/zxy/0-0-0naturalEarth/1/0/1.pbf 200 2757 - 15.866 ms"}
{"level":"info","message":"GET /VT/zxy/0-0-0naturalEarth/1/0/0.pbf 200 6192 - 9.542 ms"}
