{"level":"info","message":"GET /map_mbtiles.html 404 155 - 7.387 ms"}
{"level":"info","message":"GET /map_mbtiles.html 404 155 - 0.952 ms"}
{"level":"info","message":"GET /map-mbtiles.html 200 1157 - 4.839 ms"}
{"level":"info","message":"GET /maplibre-gl.css 200 67960 - 1.530 ms"}
{"level":"info","message":"GET /maplibre-gl.js 200 1335670 - 1.398 ms"}
{"level":"info","message":"GET /style-mbtiles.json 200 715 - 0.452 ms"}
{"level":"info","message":"GET /favicon.ico 404 150 - 1.603 ms"}
{"level":"info","message":"GET /maplibre-gl.css 304 - - 0.505 ms"}
{"level":"info","message":"GET /maplibre-gl.js.map 200 4655768 - 1.213 ms"}
{"level":"info","message":"GET /map-mbtiles.html 200 1157 - 1.397 ms"}
{"level":"info","message":"GET /maplibre-gl.css 200 67960 - 4.828 ms"}
{"level":"info","message":"GET /maplibre-gl.js 200 1335670 - 4.860 ms"}
{"level":"info","message":"GET /style-mbtiles.json 200 715 - 1.633 ms"}
{"level":"info","message":"GET /maplibre-gl.js.map 200 4655768 - 0.973 ms"}
{"level":"info","message":"GET /map-mbtiles.html 200 1157 - 1.148 ms"}
{"level":"info","message":"GET /maplibre-gl.css 200 67960 - 2.524 ms"}
{"level":"info","message":"GET /maplibre-gl.js 200 1335670 - 3.916 ms"}
{"level":"info","message":"GET /style-mbtiles.json 200 715 - 3.233 ms"}
{"level":"info","message":"GET /maplibre-gl.js.map 200 4655768 - 6.408 ms"}
{"level":"info","message":"GET /map-mbtiles.html 304 - - 3.145 ms"}
{"level":"info","message":"GET /maplibre-gl.css 304 - - 1.129 ms"}
{"level":"info","message":"GET /maplibre-gl.js 304 - - 1.394 ms"}
{"level":"info","message":"GET /style-mbtiles.json 304 - - 0.453 ms"}
{"level":"info","message":"GET /maplibre-gl.css 304 - - 0.515 ms"}
{"level":"info","message":"GET /maplibre-gl.js.map 200 4655768 - 2.091 ms"}
{"level":"info","message":"GET /map-mbtiles.html 200 1157 - 1.530 ms"}
{"level":"info","message":"GET /maplibre-gl.css 200 67960 - 2.866 ms"}
{"level":"info","message":"GET /maplibre-gl.js 200 1335670 - 5.954 ms"}
{"level":"info","message":"GET /maplibre-gl.js.map 200 4655768 - 0.598 ms"}
{"level":"info","message":"GET /style-mbtiles.json 200 715 - 0.532 ms"}
{"level":"info","message":"GET /map-mbtiles.html 200 1157 - 3.883 ms"}
{"level":"info","message":"GET /maplibre-gl.css 200 67960 - 1.384 ms"}
{"level":"info","message":"GET /maplibre-gl.js 200 1335670 - 1.444 ms"}
{"level":"info","message":"GET /style-mbtiles.json 200 715 - 1.964 ms"}
{"level":"info","message":"GET /maplibre-gl.js.map 200 4655768 - 0.959 ms"}
{"level":"info","message":"GET /VT/zxy/0-0-0/3/1/2.pbf 200 605 - 14.488 ms"}
{"level":"info","message":"GET /map-mbtiles.html 200 1157 - 1.489 ms"}
{"level":"info","message":"GET /maplibre-gl.css 200 67960 - 2.875 ms"}
{"level":"info","message":"GET /maplibre-gl.js 200 1335670 - 2.793 ms"}
{"level":"info","message":"GET /style-mbtiles.json 200 715 - 0.989 ms"}
{"level":"info","message":"GET /maplibre-gl.js.map 200 4655768 - 1.726 ms"}
{"level":"info","message":"GET /map-mbtiles.html 304 - - 2.810 ms"}
{"level":"info","message":"GET /maplibre-gl.css 304 - - 0.695 ms"}
{"level":"info","message":"GET /maplibre-gl.js 304 - - 0.238 ms"}
{"level":"info","message":"GET /style-mbtiles.json 304 - - 0.371 ms"}
{"level":"info","message":"GET /maplibre-gl.css 304 - - 0.373 ms"}
{"level":"info","message":"GET /maplibre-gl.js.map 200 4655768 - 2.871 ms"}
{"level":"info","message":"GET /map-mbtiles.html 200 1157 - 1.607 ms"}
{"level":"info","message":"GET /maplibre-gl.css 200 67960 - 1.129 ms"}
{"level":"info","message":"GET /maplibre-gl.js 200 1335670 - 1.680 ms"}
{"level":"info","message":"GET /style-mbtiles.json 200 715 - 1.121 ms"}
{"level":"info","message":"GET /maplibre-gl.js.map 200 4655768 - 0.412 ms"}
{"level":"info","message":"GET /map-mbtiles.html 200 1157 - 13.793 ms"}
{"level":"info","message":"GET /maplibre-gl.css 200 67960 - 1.591 ms"}
{"level":"info","message":"GET /maplibre-gl.js 200 1335670 - 0.951 ms"}
{"level":"info","message":"GET /style-mbtiles.json 200 715 - 0.912 ms"}
{"level":"info","message":"GET /maplibre-gl.js.map 200 4655768 - 1.168 ms"}
{"level":"info","message":"GET /map-mbtiles.html 304 - - 4.693 ms"}
{"level":"info","message":"GET /maplibre-gl.css 304 - - 1.655 ms"}
{"level":"info","message":"GET /maplibre-gl.js 304 - - 0.239 ms"}
{"level":"info","message":"GET /style-mbtiles.json 200 709 - 1.304 ms"}
{"level":"info","message":"GET /VT/zxy/0-0-0/4/2/6.pbf 404 52 - 13.364 ms"}
{"level":"info","message":"GET /VT/zxy/0-0-0/4/4/6.pbf 404 52 - 10.065 ms"}
{"level":"info","message":"GET /VT/zxy/0-0-0/4/2/5.pbf 404 52 - 11.877 ms"}
{"level":"info","message":"GET /VT/zxy/0-0-0/4/3/5.pbf 200 408 - 21.146 ms"}
{"level":"info","message":"GET /VT/zxy/0-0-0/4/3/6.pbf 200 12125 - 22.255 ms"}
{"level":"info","message":"GET /VT/zxy/0-0-0/4/4/5.pbf 404 52 - 4.773 ms"}
{"level":"info","message":"GET /VT/zxy/0-0-0/5/6/12.pbf 200 15567 - 5.558 ms"}
{"level":"info","message":"GET /VT/zxy/0-0-0/5/6/11.pbf 200 322 - 7.116 ms"}
{"level":"info","message":"GET /VT/zxy/0-0-0/5/7/12.pbf 404 53 - 9.954 ms"}
{"level":"info","message":"GET /VT/zxy/0-0-0/5/7/11.pbf 404 53 - 8.864 ms"}
{"level":"info","message":"GET /VT/zxy/0-0-0/5/5/12.pbf 404 53 - 4.069 ms"}
{"level":"info","message":"GET /VT/zxy/0-0-0/5/5/11.pbf 404 53 - 3.203 ms"}
{"level":"info","message":"GET /VT/zxy/0-0-0/6/13/24.pbf 404 54 - 4.533 ms"}
{"level":"info","message":"GET /VT/zxy/0-0-0/6/12/23.pbf 404 54 - 4.766 ms"}
{"level":"info","message":"GET /VT/zxy/0-0-0/6/14/23.pbf 404 54 - 5.139 ms"}
{"level":"info","message":"GET /VT/zxy/0-0-0/6/12/24.pbf 404 54 - 6.837 ms"}
{"level":"info","message":"GET /VT/zxy/0-0-0/6/13/23.pbf 404 54 - 9.548 ms"}
{"level":"info","message":"GET /VT/zxy/0-0-0/6/14/24.pbf 404 54 - 10.265 ms"}
{"level":"info","message":"GET /VT/zxy/0-0-0/6/13/25.pbf 404 54 - 3.368 ms"}
{"level":"info","message":"GET /VT/zxy/0-0-0/6/12/25.pbf 404 54 - 3.765 ms"}
{"level":"info","message":"GET /VT/zxy/0-0-0/6/14/25.pbf 404 54 - 2.701 ms"}
{"level":"info","message":"GET /VT/zxy/0-0-0/3/1/3.pbf 200 1919 - 3.199 ms"}
{"level":"info","message":"GET /VT/zxy/0-0-0/3/2/3.pbf 404 52 - 4.016 ms"}
{"level":"info","message":"GET /VT/zxy/0-0-0/3/2/2.pbf 404 52 - 4.244 ms"}
{"level":"info","message":"GET /VT/zxy/0-0-0/3/1/2.pbf 304 - - 2.966 ms"}
{"level":"info","message":"GET /VT/zxy/0-0-0/3/0/3.pbf 404 52 - 1.216 ms"}
{"level":"info","message":"GET /VT/zxy/0-0-0/3/0/2.pbf 404 52 - 2.104 ms"}
{"level":"info","message":"GET /VT/zxy/0-0-0/2/0/1.pbf 404 52 - 2.877 ms"}
{"level":"info","message":"GET /VT/zxy/0-0-0/2/1/1.pbf 404 52 - 3.615 ms"}
{"level":"info","message":"GET /VT/zxy/0-0-0/2/0/2.pbf 404 52 - 3.777 ms"}
{"level":"info","message":"GET /VT/zxy/0-0-0/2/1/2.pbf 404 52 - 3.585 ms"}
{"level":"info","message":"GET /VT/zxy/0-0-0/2/0/0.pbf 404 52 - 1.951 ms"}
{"level":"info","message":"GET /VT/zxy/0-0-0/2/1/0.pbf 404 52 - 2.008 ms"}
{"level":"info","message":"GET /VT/zxy/0-0-0/5/6/13.pbf 404 53 - 3.944 ms"}
{"level":"info","message":"GET /VT/zxy/0-0-0/5/7/13.pbf 404 53 - 4.463 ms"}
{"level":"info","message":"GET /VT/zxy/0-0-0/5/5/13.pbf 404 53 - 3.232 ms"}
{"level":"info","message":"GET /VT/zxy/0-0-0/7/26/48.pbf 404 54 - 3.606 ms"}
{"level":"info","message":"GET /VT/zxy/0-0-0/7/27/48.pbf 404 54 - 4.318 ms"}
{"level":"info","message":"GET /VT/zxy/0-0-0/7/26/47.pbf 404 54 - 5.031 ms"}
{"level":"info","message":"GET /VT/zxy/0-0-0/7/26/49.pbf 404 54 - 9.675 ms"}
{"level":"info","message":"GET /VT/zxy/0-0-0/7/28/48.pbf - - - - ms"}
{"level":"info","message":"GET /VT/zxy/0-0-0/7/25/48.pbf 404 54 - 11.637 ms"}
{"level":"info","message":"GET /VT/zxy/0-0-0/7/27/47.pbf 404 54 - 11.958 ms"}
{"level":"info","message":"GET /VT/zxy/0-0-0/7/27/49.pbf 404 54 - 7.179 ms"}
{"level":"info","message":"GET /VT/zxy/0-0-0/7/25/47.pbf 404 54 - 7.066 ms"}
{"level":"info","message":"GET /VT/zxy/0-0-0/7/25/49.pbf 404 54 - 3.775 ms"}
{"level":"info","message":"GET /VT/zxy/0-0-0/8/53/96.pbf 404 54 - 4.637 ms"}
{"level":"info","message":"GET /VT/zxy/0-0-0/8/52/96.pbf 404 54 - 4.346 ms"}
{"level":"info","message":"GET /VT/zxy/0-0-0/8/52/97.pbf 404 54 - 4.737 ms"}
{"level":"info","message":"GET /VT/zxy/0-0-0/8/54/97.pbf 404 54 - 5.546 ms"}
{"level":"info","message":"GET /VT/zxy/0-0-0/8/53/97.pbf 404 54 - 6.915 ms"}
{"level":"info","message":"GET /VT/zxy/0-0-0/8/54/96.pbf 404 54 - 7.382 ms"}
{"level":"info","message":"GET /VT/zxy/0-0-0/7/28/48.pbf 404 54 - 2.805 ms"}
{"level":"info","message":"GET /VT/zxy/0-0-0/7/28/47.pbf 404 54 - 3.177 ms"}
{"level":"info","message":"GET /VT/zxy/0-0-0/7/28/49.pbf 404 54 - 3.308 ms"}
{"level":"info","message":"GET /map-mbtiles.html 304 - - 3.772 ms"}
{"level":"info","message":"GET /maplibre-gl.css 304 - - 0.784 ms"}
{"level":"info","message":"GET /maplibre-gl.js 304 - - 1.010 ms"}
{"level":"info","message":"GET /style-mbtiles.json 304 - - 0.431 ms"}
{"level":"info","message":"GET /VT/zxy/0-0-0/4/2/6.pbf 404 52 - 5.131 ms"}
{"level":"info","message":"GET /VT/zxy/0-0-0/4/4/6.pbf 404 52 - 2.748 ms"}
{"level":"info","message":"GET /VT/zxy/0-0-0/4/2/5.pbf 404 52 - 5.490 ms"}
{"level":"info","message":"GET /VT/zxy/0-0-0/4/4/5.pbf 404 52 - 3.160 ms"}
{"level":"info","message":"GET /VT/zxy/0-0-0/5/7/12.pbf 404 53 - 2.622 ms"}
{"level":"info","message":"GET /VT/zxy/0-0-0/5/7/11.pbf 404 53 - 3.615 ms"}
{"level":"info","message":"GET /VT/zxy/0-0-0/5/5/12.pbf 404 53 - 3.856 ms"}
{"level":"info","message":"GET /VT/zxy/0-0-0/5/5/11.pbf 404 53 - 2.384 ms"}
{"level":"info","message":"GET /VT/zxy/0-0-0/6/13/24.pbf 404 54 - 4.837 ms"}
{"level":"info","message":"GET /VT/zxy/0-0-0/6/13/23.pbf 404 54 - 5.288 ms"}
{"level":"info","message":"GET /VT/zxy/0-0-0/6/12/24.pbf 404 54 - 5.464 ms"}
{"level":"info","message":"GET /VT/zxy/0-0-0/6/14/24.pbf 404 54 - 5.725 ms"}
{"level":"info","message":"GET /VT/zxy/0-0-0/6/12/23.pbf 404 54 - 5.966 ms"}
{"level":"info","message":"GET /VT/zxy/0-0-0/6/13/25.pbf 404 54 - 3.182 ms"}
{"level":"info","message":"GET /VT/zxy/0-0-0/6/14/23.pbf 404 54 - 3.626 ms"}
{"level":"info","message":"GET /VT/zxy/0-0-0/6/14/25.pbf 404 54 - 4.246 ms"}
{"level":"info","message":"GET /VT/zxy/0-0-0/6/12/25.pbf 404 54 - 5.781 ms"}
{"level":"info","message":"GET /VT/zxy/0-0-0/3/2/2.pbf 404 52 - 1.087 ms"}
{"level":"info","message":"GET /VT/zxy/0-0-0/3/2/3.pbf 404 52 - 1.499 ms"}
{"level":"info","message":"GET /VT/zxy/0-0-0/3/0/2.pbf 404 52 - 0.946 ms"}
{"level":"info","message":"GET /VT/zxy/0-0-0/3/0/3.pbf 404 52 - 1.915 ms"}
{"level":"info","message":"GET /map-mbtiles.html 304 - - 1.287 ms"}
{"level":"info","message":"GET /maplibre-gl.css 304 - - 0.234 ms"}
{"level":"info","message":"GET /maplibre-gl.js 304 - - 0.165 ms"}
{"level":"info","message":"GET /style-mbtiles.json 304 - - 0.185 ms"}
{"level":"info","message":"GET /VT/zxy/0-0-0/5/7/12.pbf 404 53 - 1.341 ms"}
{"level":"info","message":"GET /VT/zxy/0-0-0/5/7/11.pbf 404 53 - 1.433 ms"}
{"level":"info","message":"GET /VT/zxy/0-0-0/5/5/12.pbf 404 53 - 1.323 ms"}
{"level":"info","message":"GET /VT/zxy/0-0-0/5/5/11.pbf 404 53 - 0.802 ms"}
{"level":"info","message":"GET /maplibre-gl.css 304 - - 0.442 ms"}
{"level":"info","message":"GET /maplibre-gl.js.map 200 4655768 - 3.214 ms"}
{"level":"info","message":"GET /map-mbtiles.html 200 1157 - 1.150 ms"}
{"level":"info","message":"GET /maplibre-gl.css 200 67960 - 0.760 ms"}
{"level":"info","message":"GET /maplibre-gl.js 200 1335670 - 0.713 ms"}
{"level":"info","message":"GET /maplibre-gl.js.map 200 4655768 - 0.749 ms"}
{"level":"info","message":"GET /style-mbtiles.json 200 709 - 3.207 ms"}
{"level":"info","message":"GET /VT/zxy/0-0-0/5/6/12.pbf 200 15567 - 1.484 ms"}
{"level":"info","message":"GET /VT/zxy/0-0-0/5/6/11.pbf 200 322 - 2.050 ms"}
{"level":"info","message":"GET /VT/zxy/0-0-0/5/5/12.pbf 404 53 - 1.746 ms"}
{"level":"info","message":"GET /VT/zxy/0-0-0/5/7/12.pbf 404 53 - 2.289 ms"}
{"level":"info","message":"GET /VT/zxy/0-0-0/5/7/11.pbf 404 53 - 2.235 ms"}
{"level":"info","message":"GET /VT/zxy/0-0-0/5/5/11.pbf 404 53 - 2.213 ms"}
{"level":"info","message":"GET /VT/zxy/0-0-0/6/13/24.pbf 404 54 - 2.860 ms"}
{"level":"info","message":"GET /VT/zxy/0-0-0/6/12/24.pbf 404 54 - 2.806 ms"}
{"level":"info","message":"GET /VT/zxy/0-0-0/6/14/24.pbf 404 54 - 3.131 ms"}
