info: 2024-10-15T14:57:26.109Z: un-s production started.
info: 2024-10-15T15:00:28.612Z: un-s production started.
info: 2024-10-15T15:00:28.690Z: finished natural_earth::public::ne_110m_coastline of 0-0-0
info: 2024-10-15T15:00:28.696Z: finished natural_earth::public::ne_110m_rivers_lake_centerlines of 0-0-0
info: 2024-10-15T15:00:28.707Z: finished natural_earth::public::ne_110m_land of 0-0-0
info: 2024-10-15T15:00:28.912Z: production system shutdown.
info: 2024-10-15T15:02:21.786Z: un-s production started.
info: 2024-10-15T15:02:21.868Z: finished natural_earth::public::ne_110m_coastline of 0-0-0
info: 2024-10-15T15:02:21.874Z: finished natural_earth::public::ne_110m_rivers_lake_centerlines of 0-0-0
info: 2024-10-15T15:02:21.885Z: finished natural_earth::public::ne_110m_land of 0-0-0
info: 2024-10-15T15:02:22.056Z: [1/1] process 0-0-0 (score: 0, 32.2 kB => 316.8 kB) took 00:00.265 wtps=undefined.
info: 2024-10-15T15:02:22.058Z: production system shutdown.
info: 2024-10-15T15:16:23.569Z: un-s production started.
info: 2024-10-15T15:16:23.656Z: finished natural_earth::public::ne_110m_coastline of 0-0-0
info: 2024-10-15T15:16:23.665Z: finished natural_earth::public::ne_110m_rivers_lake_centerlines of 0-0-0
info: 2024-10-15T15:16:23.678Z: finished natural_earth::public::ne_110m_land of 0-0-0
info: 2024-10-15T15:16:23.842Z: [1/1] process 0-0-0 (score: 0, 68 kB => 508 kB) took 00:00.267 wtps=undefined.
info: 2024-10-15T15:16:23.844Z: production system shutdown.
info: 2024-10-15T15:22:59.651Z: un-s production started.
info: 2024-10-15T15:22:59.772Z: finished natural_earth::public::ne_110m_coastline of 0-0-0
info: 2024-10-15T15:22:59.779Z: finished natural_earth::public::ne_110m_rivers_lake_centerlines of 0-0-0
info: 2024-10-15T15:22:59.797Z: finished natural_earth::public::ne_110m_land of 0-0-0
info: 2024-10-15T15:23:00.016Z: production system shutdown.
info: 2024-10-15T15:23:09.467Z: un-s production started.
info: 2024-10-15T15:23:09.533Z: finished natural_earth::public::ne_110m_coastline of 0-0-0
info: 2024-10-15T15:23:09.539Z: finished natural_earth::public::ne_110m_rivers_lake_centerlines of 0-0-0
info: 2024-10-15T15:23:09.550Z: finished natural_earth::public::ne_110m_land of 0-0-0
info: 2024-10-15T15:23:09.720Z: [1/1] process 0-0-0 (score: 0, 316.8 kB => 317.8 kB) took 00:00.249 wtps=undefined.
info: 2024-10-15T15:23:09.722Z: production system shutdown.
info: 2024-10-15T15:23:18.484Z: un-s production started.
info: 2024-10-15T15:23:18.534Z: finished natural_earth::public::ne_110m_coastline of 0-0-0
info: 2024-10-15T15:23:18.540Z: finished natural_earth::public::ne_110m_rivers_lake_centerlines of 0-0-0
info: 2024-10-15T15:23:18.550Z: finished natural_earth::public::ne_110m_land of 0-0-0
info: 2024-10-15T15:23:18.710Z: [1/1] process 0-0-0 (score: 0, 508 kB => 496 kB) took 00:00.222 wtps=undefined.
info: 2024-10-15T15:23:18.712Z: production system shutdown.
