info: 2024-10-14T20:05:02.128Z: un-s production started.
info: 2024-10-14T20:06:55.558Z: un-s production started.
info: 2024-10-14T20:07:55.745Z: un-s production started.
info: 2024-10-14T20:19:27.795Z: un-s production started.
error: Temporary file not found: produce-gsc-small/un-s-tile/part-0-0-0.mbtiles
info: 2024-10-14T20:19:27.821Z: production system shutdown.
info: 2024-10-14T20:22:01.333Z: un-s production started.
info: 2024-10-14T20:22:01.458Z: finished sdb_course::public::baea_nests of 0-0-0
info: 2024-10-14T20:22:01.489Z: finished sdb_course::public::linear_projects of 0-0-0
info: 2024-10-14T20:22:01.589Z: [1/1] process 0-0-0 (score: 0, 0 Bytes => 68 kB) took 00:00.250 wtps=undefined.
info: 2024-10-14T20:22:01.591Z: production system shutdown.
info: 2024-10-14T20:22:19.354Z: un-s production started.
info: 2024-10-14T20:22:19.465Z: finished sdb_course::public::baea_nests of 0-0-0
info: 2024-10-14T20:22:19.491Z: finished sdb_course::public::linear_projects of 0-0-0
info: 2024-10-14T20:22:19.587Z: [1/1] process 0-0-0 (score: 0, 68 kB => 68 kB) took 00:00.228 wtps=undefined.
info: 2024-10-14T20:22:19.588Z: production system shutdown.
info: 2024-10-14T21:20:14.962Z: un-s production started.
info: 2024-10-14T21:20:15.101Z: finished sdb_course::public::baea_nests of 0-0-0
info: 2024-10-14T21:20:15.131Z: finished sdb_course::public::linear_projects of 0-0-0
info: 2024-10-14T21:20:15.229Z: production system shutdown.
